[debug] [2026-03-20T05:43:01.968Z] ----------------------------------------------------------------------
[debug] [2026-03-20T05:43:01.994Z] Command:       C:\Program Files\nodejs\node.exe C:\Users\eivec\AppData\Roaming\npm\node_modules\firebase-tools\lib\bin\firebase.js init functions
[debug] [2026-03-20T05:43:01.997Z] CLI Version:   15.11.0
[debug] [2026-03-20T05:43:01.998Z] Platform:      win32
[debug] [2026-03-20T05:43:01.999Z] Node Version:  v24.13.1
[debug] [2026-03-20T05:43:02.000Z] Time:          Fri Mar 20 2026 02:43:02 GMT-0300 (hora estándar de Argentina)
[debug] [2026-03-20T05:43:02.002Z] ----------------------------------------------------------------------
[debug] 
[info] 
     ######## #### ########  ######## ########     ###     ######  ########
     ##        ##  ##     ## ##       ##     ##  ##   ##  ##       ##
     ######    ##  ########  ######   ########  #########  ######  ######
     ##        ##  ##    ##  ##       ##     ## ##     ##       ## ##
     ##       #### ##     ## ######## ########  ##     ##  ######  ########

You're about to initialize a Firebase project in this directory:

  C:\proyects\ivana\ivana-design-legacy

Before we get started, keep in mind:

  * You are currently outside your home directory

[info] 
=== Project Setup
[info] 
[info] First, let's associate this project directory with a Firebase project.
[info] You can create multiple project aliases by running firebase use --add, 
[info] 
